<?xml version="1.0" encoding="UTF-8"?>
<!-- Generated by org.testng.reporters.JUnitReportReporter -->
<testsuite hostname="MAA-5CG6053RMD" name="opentaps.lead.NewExcel" tests="1" failures="0" timestamp="5 Nov 2016 18:05:46 GMT" time="0.530" errors="0">
  <testcase name="excel" time="0.530" classname="opentaps.lead.NewExcel"/>
</testsuite> <!-- opentaps.lead.NewExcel -->
