<?xml version="1.0" encoding="UTF-8"?>
<!-- Generated by org.testng.reporters.JUnitReportReporter -->
<testsuite hostname="MAA-5CG6053RMD" name="opentaps.lead.CreateContact" tests="1" failures="0" timestamp="23 Oct 2016 07:37:49 GMT" time="5.006" errors="0">
  <testcase name="f" time="5.006" classname="opentaps.lead.CreateContact"/>
</testsuite> <!-- opentaps.lead.CreateContact -->
