<?xml version="1.0" encoding="UTF-8"?>
<!-- Generated by org.testng.reporters.JUnitReportReporter -->
<testsuite hostname="MAA-5CG6053RMD" name="opentaps.lead.DeleteLead" tests="1" failures="0" timestamp="22 Oct 2016 07:22:00 GMT" time="5.005" errors="0">
  <testcase name="g" time="5.005" classname="opentaps.lead.DeleteLead"/>
</testsuite> <!-- opentaps.lead.DeleteLead -->
