<?xml version="1.0" encoding="UTF-8"?>
<!-- Generated by org.testng.reporters.JUnitReportReporter -->
<testsuite hostname="MAA-5CG6053RMD" name="opentaps.lead.EditLead" tests="1" failures="0" timestamp="22 Oct 2016 17:57:26 GMT" time="5.009" errors="0">
  <testcase name="k" time="5.009" classname="opentaps.lead.EditLead"/>
</testsuite> <!-- opentaps.lead.EditLead -->
