<?xml version="1.0" encoding="UTF-8"?>
<!-- Generated by org.testng.reporters.JUnitReportReporter -->
<testsuite hostname="MAA-5CG6053RMD" name="opentaps.lead.DeleteContact" tests="1" failures="0" timestamp="23 Oct 2016 05:19:14 GMT" time="5.003" errors="0">
  <testcase name="g" time="5.003" classname="opentaps.lead.DeleteContact"/>
</testsuite> <!-- opentaps.lead.DeleteContact -->
