<?xml version="1.0" encoding="UTF-8"?>
<!-- Generated by org.testng.reporters.JUnitReportReporter -->
<testsuite hostname="MAA-5CG6053RMD" name="opentaps.lead.EditContact" tests="2" failures="0" timestamp="23 Oct 2016 07:39:13 GMT" time="0.006" errors="0">
  <testcase name="k" time="0.004" classname="opentaps.lead.EditContact"/>
  <testcase name="k" time="0.002" classname="opentaps.lead.EditContact"/>
</testsuite> <!-- opentaps.lead.EditContact -->
